[debug] [2025-05-30T15:05:13.594Z] ----------------------------------------------------------------------
[debug] [2025-05-30T15:05:13.596Z] Command:       C:\web\v22\node.exe C:\web\v22\node_modules\firebase-tools\lib\bin\firebase.js deploy --only functions
[debug] [2025-05-30T15:05:13.596Z] CLI Version:   14.5.0
[debug] [2025-05-30T15:05:13.596Z] Platform:      win32
[debug] [2025-05-30T15:05:13.596Z] Node Version:  v22.16.0
[debug] [2025-05-30T15:05:13.597Z] Time:          Fri May 30 2025 12:05:13 GMT-0300 (Horário Padrão de Brasília)
[debug] [2025-05-30T15:05:13.597Z] ----------------------------------------------------------------------
[debug] 
[debug] [2025-05-30T15:05:13.715Z] > command requires scopes: ["email","openid","https://www.googleapis.com/auth/cloudplatformprojects.readonly","https://www.googleapis.com/auth/firebase","https://www.googleapis.com/auth/cloud-platform"]
[debug] [2025-05-30T15:05:13.716Z] > authorizing via signed-in user (lucca.schroelder@gmail.com)
[debug] [2025-05-30T15:05:13.716Z] [iam] checking project superid-d1bf3 for permissions ["cloudfunctions.functions.create","cloudfunctions.functions.delete","cloudfunctions.functions.get","cloudfunctions.functions.list","cloudfunctions.functions.update","cloudfunctions.operations.get","firebase.projects.get"]
[debug] [2025-05-30T15:05:13.716Z] Checked if tokens are valid: true, expires at: 1748620223622
[debug] [2025-05-30T15:05:13.717Z] Checked if tokens are valid: true, expires at: 1748620223622
[debug] [2025-05-30T15:05:13.717Z] >>> [apiv2][query] POST https://cloudresourcemanager.googleapis.com/v1/projects/superid-d1bf3:testIamPermissions [none]
[debug] [2025-05-30T15:05:13.717Z] >>> [apiv2][(partial)header] POST https://cloudresourcemanager.googleapis.com/v1/projects/superid-d1bf3:testIamPermissions x-goog-quota-user=projects/superid-d1bf3
[debug] [2025-05-30T15:05:13.717Z] >>> [apiv2][body] POST https://cloudresourcemanager.googleapis.com/v1/projects/superid-d1bf3:testIamPermissions {"permissions":["cloudfunctions.functions.create","cloudfunctions.functions.delete","cloudfunctions.functions.get","cloudfunctions.functions.list","cloudfunctions.functions.update","cloudfunctions.operations.get","firebase.projects.get"]}
[debug] [2025-05-30T15:05:15.525Z] <<< [apiv2][status] POST https://cloudresourcemanager.googleapis.com/v1/projects/superid-d1bf3:testIamPermissions 200
[debug] [2025-05-30T15:05:15.526Z] <<< [apiv2][body] POST https://cloudresourcemanager.googleapis.com/v1/projects/superid-d1bf3:testIamPermissions {"permissions":["cloudfunctions.functions.create","cloudfunctions.functions.delete","cloudfunctions.functions.get","cloudfunctions.functions.list","cloudfunctions.functions.update","cloudfunctions.operations.get","firebase.projects.get"]}
[debug] [2025-05-30T15:05:15.526Z] Checked if tokens are valid: true, expires at: 1748620223622
[debug] [2025-05-30T15:05:15.526Z] Checked if tokens are valid: true, expires at: 1748620223622
[debug] [2025-05-30T15:05:15.526Z] >>> [apiv2][query] POST https://iam.googleapis.com/v1/projects/superid-d1bf3/serviceAccounts/superid-d1bf3@appspot.gserviceaccount.com:testIamPermissions [none]
[debug] [2025-05-30T15:05:15.526Z] >>> [apiv2][body] POST https://iam.googleapis.com/v1/projects/superid-d1bf3/serviceAccounts/superid-d1bf3@appspot.gserviceaccount.com:testIamPermissions {"permissions":["iam.serviceAccounts.actAs"]}
[debug] [2025-05-30T15:05:15.981Z] <<< [apiv2][status] POST https://iam.googleapis.com/v1/projects/superid-d1bf3/serviceAccounts/superid-d1bf3@appspot.gserviceaccount.com:testIamPermissions 200
[debug] [2025-05-30T15:05:15.981Z] <<< [apiv2][body] POST https://iam.googleapis.com/v1/projects/superid-d1bf3/serviceAccounts/superid-d1bf3@appspot.gserviceaccount.com:testIamPermissions {"permissions":["iam.serviceAccounts.actAs"]}
[info] 
[info] === Deploying to 'superid-d1bf3'...
[info] 
[info] i  deploying functions 
[info] Running command: npm --prefix "$RESOURCE_DIR" run lint
